<?xml version="1.0" encoding="UTF-8"?>
<testsuite name="infra.repositories.SellerRepositoryImplTest" tests="1" skipped="0" failures="0" errors="0" timestamp="2022-01-17T13:40:16" hostname="DESKTOP-15CSJ6A" time="0.029">
  <properties/>
  <testcase name="shouldDeleteSellerByReference()" classname="infra.repositories.SellerRepositoryImplTest" time="0.029"/>
  <system-out><![CDATA[]]></system-out>
  <system-err><![CDATA[]]></system-err>
</testsuite>
