<?xml version="1.0" encoding="UTF-8"?>
<testsuite name="core.usecases.seller.CreateSellerUsecaseImplTest" tests="1" skipped="0" failures="0" errors="0" timestamp="2022-01-17T11:08:38" hostname="DESKTOP-15CSJ6A" time="0.458">
  <properties/>
  <testcase name="createSellerTest()" classname="core.usecases.seller.CreateSellerUsecaseImplTest" time="0.458"/>
  <system-out><![CDATA[]]></system-out>
  <system-err><![CDATA[]]></system-err>
</testsuite>
